21:55:28 Info: ----------------------------------------------------------------------------------------
21:55:28 Info: Inicio da execucao do cliente que se comunica com 3 utilizando o protocolo 2PC
21:55:28 Info: ----------------------------------------------------------------------------------------
21:55:28 Info: Getting Names and Ports for servers
21:55:28 Info: Solictando para o cliente o nome do servidor
21:55:30 Info: Nome recebido: mint
21:55:30 Info: Solictando para o cliente a porta do servidor mint
21:55:32 Info: porta recebida: 8500
21:55:32 Info: Connecting to server mint:8500
21:55:32 Info: Connection with Server mint:8500 completed
21:55:32 Info: Solictando para o cliente o nome do servidor
21:55:33 Info: Nome recebido: mint
21:55:33 Info: Solictando para o cliente a porta do servidor mint
21:55:38 Info: porta recebida: 9000
21:55:38 Info: Connecting to server mint:9000
21:55:38 Info: Connection with Server mint:9000 completed
21:55:38 Info: Solictando para o cliente o nome do servidor
21:55:41 Info: Nome recebido: mint
21:55:41 Info: Solictando para o cliente a porta do servidor mint
21:55:45 Info: porta recebida: 8000
21:55:45 Info: Connecting to server mint:8000
21:55:45 Info: Connection with Server mint:8000 completed
21:55:45 Info: Connection to servers sucessful
21:55:45 Info: Recebendo dados atuais do servidor
21:55:45 Info: Enviando refresh para o servidor mint
21:55:45 Info: Esperando pela resposta do servidor mint
21:55:45 Info: Mensagem recebida [21:55:05] Dado Inicial
21:55:45 Info: Enviando OK para o servidor
21:55:45 Info: OK enviado para o servidor
21:55:45 Info: Mensagem recebida --+EOF+--
21:55:45 Info: Enviando OK para o servidor
21:55:45 Info: OK enviado para o servidor
21:55:45 Info: Mensagem EOF Recebida
21:55:45 Info: Verificando se o arquivo mint8500Data.txt existe
21:55:45 Info: Escrevendo o dado [21:55:05] Dado Inicial no arquivo
21:55:45 Info: Retornando dado atual: [21:55:05] Dado Inicial
21:55:45 Info: Enviando refresh para o servidor mint
21:55:45 Info: Esperando pela resposta do servidor mint
21:55:45 Info: Mensagem recebida [21:55:10] Dado Inicial
21:55:45 Info: Enviando OK para o servidor
21:55:45 Info: OK enviado para o servidor
21:55:45 Info: Mensagem recebida --+EOF+--
21:55:45 Info: Enviando OK para o servidor
21:55:45 Info: OK enviado para o servidor
21:55:45 Info: Mensagem EOF Recebida
21:55:45 Info: Verificando se o arquivo mint9000Data.txt existe
21:55:45 Info: Escrevendo o dado [21:55:10] Dado Inicial no arquivo
21:55:45 Info: Retornando dado atual: [21:55:10] Dado Inicial
21:55:45 Info: Enviando refresh para o servidor mint
21:55:45 Info: Esperando pela resposta do servidor mint
21:55:45 Info: Mensagem recebida [21:55:02] Dado Inicial
21:55:45 Info: Enviando OK para o servidor
21:55:45 Info: OK enviado para o servidor
21:55:45 Info: Mensagem recebida --+EOF+--
21:55:45 Info: Enviando OK para o servidor
21:55:45 Info: OK enviado para o servidor
21:55:45 Info: Mensagem EOF Recebida
21:55:45 Info: Verificando se o arquivo mint8000Data.txt existe
21:55:45 Info: Escrevendo o dado [21:55:02] Dado Inicial no arquivo
21:55:45 Info: Retornando dado atual: [21:55:02] Dado Inicial
21:55:45 Info: Recebendo dados atuais do servidor
21:55:45 Info: Enviando refresh para o servidor mint
21:55:45 Info: Esperando pela resposta do servidor mint
21:55:46 Info: Mensagem recebida [21:55:05] Dado Inicial
21:55:46 Info: Enviando OK para o servidor
21:55:46 Info: OK enviado para o servidor
21:55:46 Info: Mensagem recebida --+EOF+--
21:55:46 Info: Enviando OK para o servidor
21:55:46 Info: OK enviado para o servidor
21:55:46 Info: Mensagem EOF Recebida
21:55:46 Info: Verificando se o arquivo mint8500Data.txt existe
21:55:46 Info: Escrevendo o dado [21:55:05] Dado Inicial no arquivo
21:55:46 Info: Retornando dado atual: [21:55:05] Dado Inicial
21:55:46 Info: Enviando refresh para o servidor mint
21:55:46 Info: Esperando pela resposta do servidor mint
21:55:46 Info: Mensagem recebida [21:55:10] Dado Inicial
21:55:46 Info: Enviando OK para o servidor
21:55:46 Info: OK enviado para o servidor
21:55:46 Info: Mensagem recebida --+EOF+--
21:55:46 Info: Enviando OK para o servidor
21:55:46 Info: OK enviado para o servidor
21:55:46 Info: Mensagem EOF Recebida
21:55:46 Info: Verificando se o arquivo mint9000Data.txt existe
21:55:46 Info: Escrevendo o dado [21:55:10] Dado Inicial no arquivo
21:55:46 Info: Retornando dado atual: [21:55:10] Dado Inicial
21:55:46 Info: Enviando refresh para o servidor mint
21:55:46 Info: Esperando pela resposta do servidor mint
21:55:46 Info: Mensagem recebida [21:55:02] Dado Inicial
21:55:46 Info: Enviando OK para o servidor
21:55:46 Info: OK enviado para o servidor
21:55:46 Info: Mensagem recebida --+EOF+--
21:55:46 Info: Enviando OK para o servidor
21:55:46 Info: OK enviado para o servidor
21:55:46 Info: Mensagem EOF Recebida
21:55:46 Info: Verificando se o arquivo mint8000Data.txt existe
21:55:46 Info: Escrevendo o dado [21:55:02] Dado Inicial no arquivo
21:55:46 Info: Retornando dado atual: [21:55:02] Dado Inicial
21:55:46 Info: Escrevendo os dados Atuais
21:55:46 Info: Dado atual do servidor mint:8500 => [21:55:05] Dado Inicial
21:55:46 Info: Dado atual do servidor mint:9000 => [21:55:10] Dado Inicial
21:55:46 Info: Dado atual do servidor mint:8000 => [21:55:02] Dado Inicial
21:55:46 Info: Esperando cliente informar opcao desejada
21:56:53 Info: O cliente escolheu a opcao 1
21:56:53 Info: Abrindo conexao com o servidor mint
21:56:53 Info: Conexao aberta com sucesso
21:56:53 Info: Abrindo conexao com o servidor mint
21:56:53 Info: Conexao aberta com sucesso
21:56:53 Info: Abrindo conexao com o servidor mint
21:56:53 Info: Conexao aberta com sucesso
21:56:55 Info: Recebendo dados atuais do servidor
21:56:55 Info: Enviando refresh para o servidor mint
21:56:55 Info: Esperando pela resposta do servidor mint
21:56:55 Info: Mensagem recebida [21:55:05] Dado Inicial
21:56:55 Info: Enviando OK para o servidor
21:56:55 Info: OK enviado para o servidor
21:56:55 Info: Mensagem recebida [21:56:26] casa
21:56:55 Info: Enviando OK para o servidor
21:56:55 Info: OK enviado para o servidor
21:56:55 Info: Mensagem recebida [21:56:49] apartamento
21:56:55 Info: Enviando OK para o servidor
21:56:55 Info: OK enviado para o servidor
21:56:55 Info: Mensagem recebida --+EOF+--
21:56:55 Info: Enviando OK para o servidor
21:56:55 Info: OK enviado para o servidor
21:56:55 Info: Mensagem EOF Recebida
21:56:55 Info: Verificando se o arquivo mint8500Data.txt existe
21:56:55 Info: Escrevendo o dado [21:55:05] Dado Inicial no arquivo
21:56:55 Info: Escrevendo o dado [21:56:26] casa no arquivo
21:56:55 Info: Escrevendo o dado [21:56:49] apartamento no arquivo
21:56:55 Info: Retornando dado atual: [21:56:49] apartamento
21:56:55 Info: Enviando refresh para o servidor mint
21:56:55 Info: Esperando pela resposta do servidor mint
21:56:55 Info: Mensagem recebida [21:55:10] Dado Inicial
21:56:55 Info: Enviando OK para o servidor
21:56:55 Info: OK enviado para o servidor
21:56:55 Info: Mensagem recebida [21:56:26] casa
21:56:55 Info: Enviando OK para o servidor
21:56:55 Info: OK enviado para o servidor
21:56:55 Info: Mensagem recebida [21:56:49] apartamento
21:56:55 Info: Enviando OK para o servidor
21:56:55 Info: OK enviado para o servidor
21:56:55 Info: Mensagem recebida --+EOF+--
21:56:55 Info: Enviando OK para o servidor
21:56:55 Info: OK enviado para o servidor
21:56:55 Info: Mensagem EOF Recebida
21:56:55 Info: Verificando se o arquivo mint9000Data.txt existe
21:56:55 Info: Escrevendo o dado [21:55:10] Dado Inicial no arquivo
21:56:55 Info: Escrevendo o dado [21:56:26] casa no arquivo
21:56:55 Info: Escrevendo o dado [21:56:49] apartamento no arquivo
21:56:55 Info: Retornando dado atual: [21:56:49] apartamento
21:56:55 Info: Enviando refresh para o servidor mint
21:56:55 Info: Esperando pela resposta do servidor mint
21:56:55 Info: Mensagem recebida [21:55:02] Dado Inicial
21:56:55 Info: Enviando OK para o servidor
21:56:55 Info: OK enviado para o servidor
21:56:55 Info: Mensagem recebida [21:56:26] casa
21:56:55 Info: Enviando OK para o servidor
21:56:55 Info: OK enviado para o servidor
21:56:55 Info: Mensagem recebida [21:56:49] apartamento
21:56:55 Info: Enviando OK para o servidor
21:56:55 Info: OK enviado para o servidor
21:56:55 Info: Mensagem recebida --+EOF+--
21:56:55 Info: Enviando OK para o servidor
21:56:55 Info: OK enviado para o servidor
21:56:55 Info: Mensagem EOF Recebida
21:56:55 Info: Verificando se o arquivo mint8000Data.txt existe
21:56:55 Info: Escrevendo o dado [21:55:02] Dado Inicial no arquivo
21:56:55 Info: Escrevendo o dado [21:56:26] casa no arquivo
21:56:55 Info: Escrevendo o dado [21:56:49] apartamento no arquivo
21:56:55 Info: Retornando dado atual: [21:56:49] apartamento
21:56:55 Info: Send message "Change" to servers
21:56:55 Info: Enviando mensagem para o servidor mint
21:56:55 Info: Mensagem sendo enviada: change
21:56:55 Info: Enviando mensagem para o servidor mint
21:56:55 Info: Mensagem sendo enviada: change
21:56:55 Info: Enviando mensagem para o servidor mint
21:56:55 Info: Mensagem sendo enviada: change
21:56:55 Info: Esperando pela resposta do servidor 0
21:56:56 Info: Resposta recebida do servidor 0: OK
21:56:56 Info: Esperando pela resposta do servidor 1
21:56:56 Info: Resposta recebida do servidor 1: OK
21:56:56 Info: Esperando pela resposta do servidor 2
21:56:56 Info: Resposta recebida do servidor 2: OK
21:56:56 Info: Checking if servers reply to change is OK
21:56:56 Info: Checking reply from server 0
21:56:56 Info: Reply from server 0= OK
21:56:56 Info: Checking reply from server 1
21:56:56 Info: Reply from server 1= OK
21:56:56 Info: Checking reply from server 2
21:56:56 Info: Reply from server 2= OK
21:56:56 Info: Respostas recebidas dos servidores estao de acordo com o esperado
21:56:56 Info: Send message "commit" to servers
21:56:56 Info: Enviando mensagem para o servidor mint
21:56:56 Info: Mensagem sendo enviada: commit
21:56:56 Info: Enviando mensagem para o servidor mint
21:56:56 Info: Mensagem sendo enviada: commit
21:56:56 Info: Enviando mensagem para o servidor mint
21:56:56 Info: Mensagem sendo enviada: commit
21:56:56 Info: Esperando pela resposta do servidor 0
21:56:57 Info: Resposta recebida do servidor 0: OK
21:56:57 Info: Esperando pela resposta do servidor 1
21:56:57 Info: Resposta recebida do servidor 1: OK
21:56:57 Info: Esperando pela resposta do servidor 2
21:56:57 Info: Resposta recebida do servidor 2: OK
21:56:57 Info: Checking if servers reply to commit is OK
21:56:57 Info: Checking reply from server 0
21:56:57 Info: Reply from server 0= OK
21:56:57 Info: Checking reply from server 1
21:56:57 Info: Reply from server 1= OK
21:56:57 Info: Checking reply from server 2
21:56:57 Info: Reply from server 2= OK
21:56:57 Info: Respostas recebidas dos servidores estao de acordo com o esperado
21:56:57 Info: Sending Data flat to servers
21:56:57 Info: Enviando mensagem para o servidor mint
21:56:57 Info: Mensagem sendo enviada: data:flat
21:56:57 Info: Enviando mensagem para o servidor mint
21:56:57 Info: Mensagem sendo enviada: data:flat
21:56:57 Info: Enviando mensagem para o servidor mint
21:56:57 Info: Mensagem sendo enviada: data:flat
21:56:57 Info: Esperando pela resposta do servidor 0
21:56:58 Info: Resposta recebida do servidor 0: OK
21:56:58 Info: Esperando pela resposta do servidor 1
21:56:58 Info: Resposta recebida do servidor 1: OK
21:56:58 Info: Esperando pela resposta do servidor 2
21:56:58 Info: Resposta recebida do servidor 2: OK
21:56:58 Info: Checking if servers reply to data send is ACK
21:56:58 Info: Checking reply from server 0
21:56:58 Info: Reply from server 0= OK
21:56:58 Info: Checking reply from server 1
21:56:58 Info: Reply from server 1= OK
21:56:58 Info: Checking reply from server 2
21:56:58 Info: Reply from server 2= OK
21:56:58 Info: Respostas recebidas dos servidores estao de acordo com o esperado
21:56:58 Info: Abrindo conexao com o servidor mint
21:56:58 Info: Conexao aberta com sucesso
21:56:58 Info: Abrindo conexao com o servidor mint
21:56:58 Info: Conexao aberta com sucesso
21:56:58 Info: Abrindo conexao com o servidor mint
21:56:58 Info: Conexao aberta com sucesso
21:56:58 Info: Recebendo dados atuais do servidor
21:56:58 Info: Enviando refresh para o servidor mint
21:56:58 Info: Esperando pela resposta do servidor mint
21:56:58 Info: Mensagem recebida [21:55:05] Dado Inicial
21:56:58 Info: Enviando OK para o servidor
21:56:58 Info: OK enviado para o servidor
21:56:58 Info: Mensagem recebida [21:56:26] casa
21:56:58 Info: Enviando OK para o servidor
21:56:58 Info: OK enviado para o servidor
21:56:58 Info: Mensagem recebida [21:56:49] apartamento
21:56:58 Info: Enviando OK para o servidor
21:56:58 Info: OK enviado para o servidor
21:56:58 Info: Mensagem recebida [21:56:58] flat
21:56:58 Info: Enviando OK para o servidor
21:56:58 Info: OK enviado para o servidor
21:56:58 Info: Mensagem recebida --+EOF+--
21:56:58 Info: Enviando OK para o servidor
21:56:58 Info: OK enviado para o servidor
21:56:58 Info: Mensagem EOF Recebida
21:56:58 Info: Verificando se o arquivo mint8500Data.txt existe
21:56:58 Info: Escrevendo o dado [21:55:05] Dado Inicial no arquivo
21:56:58 Info: Escrevendo o dado [21:56:26] casa no arquivo
21:56:58 Info: Escrevendo o dado [21:56:49] apartamento no arquivo
21:56:58 Info: Escrevendo o dado [21:56:58] flat no arquivo
21:56:58 Info: Retornando dado atual: [21:56:58] flat
21:56:58 Info: Enviando refresh para o servidor mint
21:56:58 Info: Esperando pela resposta do servidor mint
21:56:58 Info: Mensagem recebida [21:55:10] Dado Inicial
21:56:58 Info: Enviando OK para o servidor
21:56:58 Info: OK enviado para o servidor
21:56:58 Info: Mensagem recebida [21:56:26] casa
21:56:58 Info: Enviando OK para o servidor
21:56:58 Info: OK enviado para o servidor
21:56:58 Info: Mensagem recebida [21:56:49] apartamento
21:56:58 Info: Enviando OK para o servidor
21:56:58 Info: OK enviado para o servidor
21:56:58 Info: Mensagem recebida [21:56:58] flat
21:56:58 Info: Enviando OK para o servidor
21:56:58 Info: OK enviado para o servidor
21:56:58 Info: Mensagem recebida --+EOF+--
21:56:58 Info: Enviando OK para o servidor
21:56:58 Info: OK enviado para o servidor
21:56:58 Info: Mensagem EOF Recebida
21:56:58 Info: Verificando se o arquivo mint9000Data.txt existe
21:56:58 Info: Escrevendo o dado [21:55:10] Dado Inicial no arquivo
21:56:58 Info: Escrevendo o dado [21:56:26] casa no arquivo
21:56:58 Info: Escrevendo o dado [21:56:49] apartamento no arquivo
21:56:58 Info: Escrevendo o dado [21:56:58] flat no arquivo
21:56:58 Info: Retornando dado atual: [21:56:58] flat
21:56:58 Info: Enviando refresh para o servidor mint
21:56:58 Info: Esperando pela resposta do servidor mint
21:56:58 Info: Mensagem recebida [21:55:02] Dado Inicial
21:56:58 Info: Enviando OK para o servidor
21:56:58 Info: OK enviado para o servidor
21:56:58 Info: Mensagem recebida [21:56:26] casa
21:56:58 Info: Enviando OK para o servidor
21:56:58 Info: OK enviado para o servidor
21:56:58 Info: Mensagem recebida [21:56:49] apartamento
21:56:58 Info: Enviando OK para o servidor
21:56:58 Info: OK enviado para o servidor
21:56:58 Info: Mensagem recebida [21:56:58] flat
21:56:58 Info: Enviando OK para o servidor
21:56:58 Info: OK enviado para o servidor
21:56:58 Info: Mensagem recebida --+EOF+--
21:56:58 Info: Enviando OK para o servidor
21:56:58 Info: OK enviado para o servidor
21:56:58 Info: Mensagem EOF Recebida
21:56:58 Info: Verificando se o arquivo mint8000Data.txt existe
21:56:58 Info: Escrevendo o dado [21:55:02] Dado Inicial no arquivo
21:56:58 Info: Escrevendo o dado [21:56:26] casa no arquivo
21:56:58 Info: Escrevendo o dado [21:56:49] apartamento no arquivo
21:56:58 Info: Escrevendo o dado [21:56:58] flat no arquivo
21:56:58 Info: Retornando dado atual: [21:56:58] flat
21:56:58 Info: Escrevendo os dados Atuais
21:56:58 Info: Dado atual do servidor mint:8500 => [21:56:58] flat
21:56:58 Info: Dado atual do servidor mint:9000 => [21:56:58] flat
21:56:58 Info: Dado atual do servidor mint:8000 => [21:56:58] flat
21:56:58 Info: Esperando cliente informar opcao desejada
21:57:13 Info: O cliente escolheu a opcao 1
21:57:13 Info: Abrindo conexao com o servidor mint
21:57:13 Info: Conexao aberta com sucesso
21:57:13 Info: Abrindo conexao com o servidor mint
21:57:13 Info: Conexao aberta com sucesso
21:57:13 Info: Abrindo conexao com o servidor mint
21:57:13 Info: Conexao aberta com sucesso
21:57:32 Info: Recebendo dados atuais do servidor
21:57:32 Info: Enviando refresh para o servidor mint
21:57:32 Info: Esperando pela resposta do servidor mint
21:57:32 Info: Mensagem recebida [21:55:05] Dado Inicial
21:57:32 Info: Enviando OK para o servidor
21:57:32 Info: OK enviado para o servidor
21:57:32 Info: Mensagem recebida [21:56:26] casa
21:57:32 Info: Enviando OK para o servidor
21:57:32 Info: OK enviado para o servidor
21:57:32 Info: Mensagem recebida [21:56:49] apartamento
21:57:32 Info: Enviando OK para o servidor
21:57:32 Info: OK enviado para o servidor
21:57:32 Info: Mensagem recebida [21:56:58] flat
21:57:32 Info: Enviando OK para o servidor
21:57:32 Info: OK enviado para o servidor
21:57:32 Info: Mensagem recebida --+EOF+--
21:57:32 Info: Enviando OK para o servidor
21:57:32 Info: OK enviado para o servidor
21:57:32 Info: Mensagem EOF Recebida
21:57:32 Info: Verificando se o arquivo mint8500Data.txt existe
21:57:32 Info: Escrevendo o dado [21:55:05] Dado Inicial no arquivo
21:57:32 Info: Escrevendo o dado [21:56:26] casa no arquivo
21:57:32 Info: Escrevendo o dado [21:56:49] apartamento no arquivo
21:57:32 Info: Escrevendo o dado [21:56:58] flat no arquivo
21:57:32 Info: Retornando dado atual: [21:56:58] flat
21:57:32 Info: Enviando refresh para o servidor mint
21:57:32 Info: Esperando pela resposta do servidor mint
21:57:32 Info: Mensagem recebida [21:55:10] Dado Inicial
21:57:32 Info: Enviando OK para o servidor
21:57:32 Info: OK enviado para o servidor
21:57:32 Info: Mensagem recebida [21:56:26] casa
21:57:32 Info: Enviando OK para o servidor
21:57:32 Info: OK enviado para o servidor
21:57:32 Info: Mensagem recebida [21:56:49] apartamento
21:57:32 Info: Enviando OK para o servidor
21:57:32 Info: OK enviado para o servidor
21:57:32 Info: Mensagem recebida [21:56:58] flat
21:57:32 Info: Enviando OK para o servidor
21:57:32 Info: OK enviado para o servidor
21:57:32 Info: Mensagem recebida --+EOF+--
21:57:32 Info: Enviando OK para o servidor
21:57:32 Info: OK enviado para o servidor
21:57:32 Info: Mensagem EOF Recebida
21:57:32 Info: Verificando se o arquivo mint9000Data.txt existe
21:57:32 Info: Escrevendo o dado [21:55:10] Dado Inicial no arquivo
21:57:32 Info: Escrevendo o dado [21:56:26] casa no arquivo
21:57:32 Info: Escrevendo o dado [21:56:49] apartamento no arquivo
21:57:32 Info: Escrevendo o dado [21:56:58] flat no arquivo
21:57:32 Info: Retornando dado atual: [21:56:58] flat
21:57:32 Info: Enviando refresh para o servidor mint
21:57:32 Info: Esperando pela resposta do servidor mint
21:57:32 Info: Mensagem recebida [21:55:02] Dado Inicial
21:57:32 Info: Enviando OK para o servidor
21:57:32 Info: OK enviado para o servidor
21:57:32 Info: Mensagem recebida [21:56:26] casa
21:57:32 Info: Enviando OK para o servidor
21:57:32 Info: OK enviado para o servidor
21:57:32 Info: Mensagem recebida [21:56:49] apartamento
21:57:32 Info: Enviando OK para o servidor
21:57:32 Info: OK enviado para o servidor
21:57:32 Info: Mensagem recebida [21:56:58] flat
21:57:32 Info: Enviando OK para o servidor
21:57:32 Info: OK enviado para o servidor
21:57:32 Info: Mensagem recebida --+EOF+--
21:57:32 Info: Enviando OK para o servidor
21:57:32 Info: OK enviado para o servidor
21:57:32 Info: Mensagem EOF Recebida
21:57:32 Info: Verificando se o arquivo mint8000Data.txt existe
21:57:32 Info: Escrevendo o dado [21:55:02] Dado Inicial no arquivo
21:57:32 Info: Escrevendo o dado [21:56:26] casa no arquivo
21:57:32 Info: Escrevendo o dado [21:56:49] apartamento no arquivo
21:57:32 Info: Escrevendo o dado [21:56:58] flat no arquivo
21:57:32 Info: Retornando dado atual: [21:56:58] flat
21:57:32 Info: Send message "Change" to servers
21:57:32 Info: Enviando mensagem para o servidor mint
21:57:32 Info: Mensagem sendo enviada: change
21:57:32 Info: Enviando mensagem para o servidor mint
21:57:32 Info: Mensagem sendo enviada: change
21:57:32 Info: Enviando mensagem para o servidor mint
21:57:32 Info: Mensagem sendo enviada: change
21:57:32 Info: Esperando pela resposta do servidor 0
21:57:33 Info: Resposta recebida do servidor 0: NOK
21:57:33 Info: Esperando pela resposta do servidor 1
21:57:33 Info: Resposta recebida do servidor 1: NOK
21:57:33 Info: Esperando pela resposta do servidor 2
21:57:33 Info: Resposta recebida do servidor 2: NOK
21:57:33 Info: Checking if servers reply to change is OK
21:57:33 Info: Checking reply from server 0
21:57:33 Info: Reply from server 0= NOK
21:57:33 Info: Resposta recebida do servidor 0 eh diferente do esperado
21:57:33 Info: Resposta do servidor0= NOK
21:57:33 Info: Resposta esperada= OK
21:57:33 Info: Servers reply to commit is a NOK,sending abort to servers to cancel commit
21:57:33 Info: Enviando mensagem para o servidor mint
21:57:33 Info: Mensagem sendo enviada: abort
21:57:33 Info: Enviando mensagem para o servidor mint
21:57:33 Info: Mensagem sendo enviada: abort
21:57:33 Info: Enviando mensagem para o servidor mint
21:57:33 Info: Mensagem sendo enviada: abort
21:57:33 Info: Abrindo conexao com o servidor mint
21:57:33 Info: Conexao aberta com sucesso
21:57:33 Info: Abrindo conexao com o servidor mint
21:57:33 Info: Conexao aberta com sucesso
21:57:33 Info: Abrindo conexao com o servidor mint
21:57:33 Info: Conexao aberta com sucesso
21:57:33 Info: Recebendo dados atuais do servidor
21:57:33 Info: Enviando refresh para o servidor mint
21:57:33 Info: Esperando pela resposta do servidor mint
21:57:33 Info: Mensagem recebida [21:55:05] Dado Inicial
21:57:33 Info: Enviando OK para o servidor
21:57:33 Info: OK enviado para o servidor
21:57:33 Info: Mensagem recebida [21:56:26] casa
21:57:33 Info: Enviando OK para o servidor
21:57:33 Info: OK enviado para o servidor
21:57:33 Info: Mensagem recebida [21:56:49] apartamento
21:57:33 Info: Enviando OK para o servidor
21:57:33 Info: OK enviado para o servidor
21:57:33 Info: Mensagem recebida [21:56:58] flat
21:57:33 Info: Enviando OK para o servidor
21:57:33 Info: OK enviado para o servidor
21:57:33 Info: Mensagem recebida --+EOF+--
21:57:33 Info: Enviando OK para o servidor
21:57:33 Info: OK enviado para o servidor
21:57:33 Info: Mensagem EOF Recebida
21:57:33 Info: Verificando se o arquivo mint8500Data.txt existe
21:57:33 Info: Escrevendo o dado [21:55:05] Dado Inicial no arquivo
21:57:33 Info: Escrevendo o dado [21:56:26] casa no arquivo
21:57:33 Info: Escrevendo o dado [21:56:49] apartamento no arquivo
21:57:33 Info: Escrevendo o dado [21:56:58] flat no arquivo
21:57:33 Info: Retornando dado atual: [21:56:58] flat
21:57:33 Info: Enviando refresh para o servidor mint
21:57:33 Info: Esperando pela resposta do servidor mint
21:57:33 Info: Mensagem recebida [21:55:10] Dado Inicial
21:57:33 Info: Enviando OK para o servidor
21:57:33 Info: OK enviado para o servidor
21:57:33 Info: Mensagem recebida [21:56:26] casa
21:57:33 Info: Enviando OK para o servidor
21:57:33 Info: OK enviado para o servidor
21:57:33 Info: Mensagem recebida [21:56:49] apartamento
21:57:33 Info: Enviando OK para o servidor
21:57:33 Info: OK enviado para o servidor
21:57:33 Info: Mensagem recebida [21:56:58] flat
21:57:33 Info: Enviando OK para o servidor
21:57:33 Info: OK enviado para o servidor
21:57:33 Info: Mensagem recebida --+EOF+--
21:57:33 Info: Enviando OK para o servidor
21:57:33 Info: OK enviado para o servidor
21:57:33 Info: Mensagem EOF Recebida
21:57:33 Info: Verificando se o arquivo mint9000Data.txt existe
21:57:33 Info: Escrevendo o dado [21:55:10] Dado Inicial no arquivo
21:57:33 Info: Escrevendo o dado [21:56:26] casa no arquivo
21:57:33 Info: Escrevendo o dado [21:56:49] apartamento no arquivo
21:57:33 Info: Escrevendo o dado [21:56:58] flat no arquivo
21:57:33 Info: Retornando dado atual: [21:56:58] flat
21:57:33 Info: Enviando refresh para o servidor mint
21:57:33 Info: Esperando pela resposta do servidor mint
21:57:33 Info: Mensagem recebida [21:55:02] Dado Inicial
21:57:33 Info: Enviando OK para o servidor
21:57:33 Info: OK enviado para o servidor
21:57:33 Info: Mensagem recebida [21:56:26] casa
21:57:33 Info: Enviando OK para o servidor
21:57:33 Info: OK enviado para o servidor
21:57:33 Info: Mensagem recebida [21:56:49] apartamento
21:57:33 Info: Enviando OK para o servidor
21:57:33 Info: OK enviado para o servidor
21:57:33 Info: Mensagem recebida [21:56:58] flat
21:57:33 Info: Enviando OK para o servidor
21:57:33 Info: OK enviado para o servidor
21:57:33 Info: Mensagem recebida --+EOF+--
21:57:33 Info: Enviando OK para o servidor
21:57:33 Info: OK enviado para o servidor
21:57:33 Info: Mensagem EOF Recebida
21:57:33 Info: Verificando se o arquivo mint8000Data.txt existe
21:57:33 Info: Escrevendo o dado [21:55:02] Dado Inicial no arquivo
21:57:33 Info: Escrevendo o dado [21:56:26] casa no arquivo
21:57:33 Info: Escrevendo o dado [21:56:49] apartamento no arquivo
21:57:33 Info: Escrevendo o dado [21:56:58] flat no arquivo
21:57:33 Info: Retornando dado atual: [21:56:58] flat
21:57:33 Info: Escrevendo os dados Atuais
21:57:33 Info: Dado atual do servidor mint:8500 => [21:56:58] flat
21:57:33 Info: Dado atual do servidor mint:9000 => [21:56:58] flat
21:57:33 Info: Dado atual do servidor mint:8000 => [21:56:58] flat
21:57:33 Info: Esperando cliente informar opcao desejada
22:00:17 Info: O cliente escolheu a opcao 2
22:00:17 Info: Esperando cliente informar opcao desejada
22:00:17 Info: Servidores disponiveis => mint:8500
22:00:17 Info: Servidores disponiveis => mint:9000
22:00:17 Info: Servidores disponiveis => mint:8000
22:00:21 Info: Opcao digitada pelo cliente: 1
22:00:21 Info: O cliente escolheu a opcao 1
22:00:21 Info: Recuperando o conteudo do arquivo
22:00:21 Info: Escrevendo dados na tela
22:00:21 Info: Escrevendo dado [21:55:05] Dado Inicial
 para o cliente
22:00:21 Info: Escrevendo dado [21:56:26] casa
 para o cliente
22:00:21 Info: Escrevendo dado [21:56:49] apartamento
 para o cliente
22:00:21 Info: Escrevendo dado [21:56:58] flat
 para o cliente
22:00:21 Info: Escrevendo dado [21:57:35] sobrado
 para o cliente
22:00:21 Info: Esperando o cliente pressionar a tecla enter ...
22:00:23 Info: Esperando cliente informar opcao desejada
22:00:23 Info: Servidores disponiveis => mint:8500
22:00:23 Info: Servidores disponiveis => mint:9000
22:00:23 Info: Servidores disponiveis => mint:8000
22:00:23 Info: Opcao digitada pelo cliente: 0
22:00:23 Info: O cliente escolheu a opcao 0
22:00:23 Info: Voltando ao menu inicial
22:00:23 Info: Recebendo dados atuais do servidor
22:00:23 Info: Enviando refresh para o servidor mint
22:00:23 Info: Esperando pela resposta do servidor mint
22:00:23 Info: Mensagem recebida [21:55:05] Dado Inicial
22:00:23 Info: Enviando OK para o servidor
22:00:23 Info: OK enviado para o servidor
22:00:23 Info: Mensagem recebida [21:56:26] casa
22:00:23 Info: Enviando OK para o servidor
22:00:23 Info: OK enviado para o servidor
22:00:23 Info: Mensagem recebida [21:56:49] apartamento
22:00:23 Info: Enviando OK para o servidor
22:00:23 Info: OK enviado para o servidor
22:00:23 Info: Mensagem recebida [21:56:58] flat
22:00:23 Info: Enviando OK para o servidor
22:00:23 Info: OK enviado para o servidor
22:00:23 Info: Mensagem recebida [21:57:35] sobrado
22:00:23 Info: Enviando OK para o servidor
22:00:23 Info: OK enviado para o servidor
22:00:23 Info: Mensagem recebida --+EOF+--
22:00:23 Info: Enviando OK para o servidor
22:00:23 Info: OK enviado para o servidor
22:00:23 Info: Mensagem EOF Recebida
22:00:23 Info: Verificando se o arquivo mint8500Data.txt existe
22:00:23 Info: Escrevendo o dado [21:55:05] Dado Inicial no arquivo
22:00:23 Info: Escrevendo o dado [21:56:26] casa no arquivo
22:00:23 Info: Escrevendo o dado [21:56:49] apartamento no arquivo
22:00:23 Info: Escrevendo o dado [21:56:58] flat no arquivo
22:00:23 Info: Escrevendo o dado [21:57:35] sobrado no arquivo
22:00:23 Info: Retornando dado atual: [21:57:35] sobrado
22:00:23 Info: Enviando refresh para o servidor mint
22:00:23 Info: Esperando pela resposta do servidor mint
22:00:23 Info: Mensagem recebida [21:55:10] Dado Inicial
22:00:23 Info: Enviando OK para o servidor
22:00:23 Info: OK enviado para o servidor
22:00:23 Info: Mensagem recebida [21:56:26] casa
22:00:23 Info: Enviando OK para o servidor
22:00:23 Info: OK enviado para o servidor
22:00:23 Info: Mensagem recebida [21:56:49] apartamento
22:00:23 Info: Enviando OK para o servidor
22:00:23 Info: OK enviado para o servidor
22:00:23 Info: Mensagem recebida [21:56:58] flat
22:00:23 Info: Enviando OK para o servidor
22:00:23 Info: OK enviado para o servidor
22:00:23 Info: Mensagem recebida [21:57:35] sobrado
22:00:23 Info: Enviando OK para o servidor
22:00:23 Info: OK enviado para o servidor
22:00:23 Info: Mensagem recebida --+EOF+--
22:00:23 Info: Enviando OK para o servidor
22:00:23 Info: OK enviado para o servidor
22:00:23 Info: Mensagem EOF Recebida
22:00:23 Info: Verificando se o arquivo mint9000Data.txt existe
22:00:23 Info: Escrevendo o dado [21:55:10] Dado Inicial no arquivo
22:00:23 Info: Escrevendo o dado [21:56:26] casa no arquivo
22:00:23 Info: Escrevendo o dado [21:56:49] apartamento no arquivo
22:00:23 Info: Escrevendo o dado [21:56:58] flat no arquivo
22:00:23 Info: Escrevendo o dado [21:57:35] sobrado no arquivo
22:00:23 Info: Retornando dado atual: [21:57:35] sobrado
22:00:23 Info: Enviando refresh para o servidor mint
22:00:23 Info: Esperando pela resposta do servidor mint
22:00:23 Info: Mensagem recebida [21:55:02] Dado Inicial
22:00:23 Info: Enviando OK para o servidor
22:00:23 Info: OK enviado para o servidor
22:00:23 Info: Mensagem recebida [21:56:26] casa
22:00:23 Info: Enviando OK para o servidor
22:00:23 Info: OK enviado para o servidor
22:00:23 Info: Mensagem recebida [21:56:49] apartamento
22:00:23 Info: Enviando OK para o servidor
22:00:23 Info: OK enviado para o servidor
22:00:23 Info: Mensagem recebida [21:56:58] flat
22:00:23 Info: Enviando OK para o servidor
22:00:23 Info: OK enviado para o servidor
22:00:23 Info: Mensagem recebida [21:57:35] sobrado
22:00:23 Info: Enviando OK para o servidor
22:00:23 Info: OK enviado para o servidor
22:00:23 Info: Mensagem recebida --+EOF+--
22:00:23 Info: Enviando OK para o servidor
22:00:23 Info: OK enviado para o servidor
22:00:23 Info: Mensagem EOF Recebida
22:00:23 Info: Verificando se o arquivo mint8000Data.txt existe
22:00:23 Info: Escrevendo o dado [21:55:02] Dado Inicial no arquivo
22:00:23 Info: Escrevendo o dado [21:56:26] casa no arquivo
22:00:23 Info: Escrevendo o dado [21:56:49] apartamento no arquivo
22:00:23 Info: Escrevendo o dado [21:56:58] flat no arquivo
22:00:23 Info: Escrevendo o dado [21:57:35] sobrado no arquivo
22:00:23 Info: Retornando dado atual: [21:57:35] sobrado
22:00:23 Info: Escrevendo os dados Atuais
22:00:23 Info: Dado atual do servidor mint:8500 => [21:57:35] sobrado
22:00:23 Info: Dado atual do servidor mint:9000 => [21:57:35] sobrado
22:00:23 Info: Dado atual do servidor mint:8000 => [21:57:35] sobrado
22:00:23 Info: Esperando cliente informar opcao desejada
22:00:24 Info: O cliente escolheu a opcao 0
22:00:24 Info: Encerrando programa
